<?xml version="1.0" encoding="UTF-8"?>
<!-- Generated by org.testng.reporters.JUnitReportReporter -->
<testsuite hostname="LidaPC" name="gmail_test.Some" tests="2" failures="0" timestamp="1 Jul 2016 07:20:06 GMT" time="22.281" errors="0">
  <testcase name="test" time="6.016" classname="gmail_test.Some"/>
  <testcase name="testingS" time="16.265" classname="gmail_test.Some"/>
</testsuite> <!-- gmail_test.Some -->
