<?xml version="1.0" encoding="UTF-8"?>
<!-- Generated by org.testng.reporters.JUnitReportReporter -->
<testsuite hostname="LidaPC" name="gmail_test.GmailTest" tests="4" failures="0" timestamp="7 Jul 2016 11:30:55 GMT" time="44.767" errors="0">
  <testcase name="testCheckImportant" time="16.159" classname="gmail_test.GmailTest"/>
  <testcase name="testDeletingMessages" time="0.000" classname="gmail_test.GmailTest"/>
  <testcase name="testImportantMess" time="21.716" classname="gmail_test.GmailTest"/>
  <testcase name="testLogin" time="6.892" classname="gmail_test.GmailTest"/>
</testsuite> <!-- gmail_test.GmailTest -->
